2021-06-01 19:38:14,363 genetic      DEBUG                   method  F1 Score  Precision    Recall  ...  dpd_gender  dpd_race  eor_gender  eor_race
0     full_prediction  0.601559   0.619021  0.616505  ...    0.202818  0.392749    0.379261       0.0
1  unaware_prediction  0.586055   0.611091  0.606796  ...    0.134981  0.326284    0.496810       0.0
2       AL_prediction  0.686649   0.686905  0.687702  ...    0.101478  0.862069    0.710688       0.0
3       GL_prediction  0.743292   0.744157  0.744337  ...    0.106198  0.519637    0.697492       0.0
4       GD_prediction  0.672009   0.675060  0.671521  ...    0.128827  0.653846    0.750703       0.0

[5 rows x 13 columns]
2021-06-01 20:18:11,418 genetic      DEBUG       Accuracy  ...  statistical_parity_difference_race
0  0.616505  ...                            0.013595
1  0.606796  ...                            0.013595
2  0.687702  ...                            0.013595
3  0.744337  ...                            0.013595
4  0.671521  ...                            0.013595

[5 rows x 13 columns]
2021-06-01 20:23:08,804 genetic      DEBUG                   method  ...  statistical_parity_difference_race
0     full_prediction  ...                            0.013595
1  unaware_prediction  ...                            0.013595
2       AL_prediction  ...                            0.013595
3       GL_prediction  ...                            0.013595
4       GD_prediction  ...                            0.013595

[5 rows x 11 columns]
2021-06-01 20:23:21,119 genetic      DEBUG                   method  ...  statistical_parity_difference_race
0     full_prediction  ...                            0.013595
1  unaware_prediction  ...                            0.013595
2       AL_prediction  ...                            0.013595
3       GL_prediction  ...                            0.013595
4       GD_prediction  ...                            0.013595

[5 rows x 11 columns]
2021-06-01 20:27:31,779 genetic      DEBUG                   method  ...  statistical_parity_difference_race
0     full_prediction  ...                            0.392749
1  unaware_prediction  ...                            0.326284
2       AL_prediction  ...                            0.061934
3       GL_prediction  ...                            0.019637
4       GD_prediction  ...                            0.095166

[5 rows x 11 columns]
2021-06-01 20:43:18,640 genetic      DEBUG                   method  ...  statistical_parity_difference_race
0     full_prediction  ...                            0.392749
1  unaware_prediction  ...                            0.326284
2       AL_prediction  ...                            0.061934
3       GL_prediction  ...                            0.019637
4       GD_prediction  ...                            0.095166

[5 rows x 8 columns]
2021-06-01 21:00:52,544 genetic      DEBUG                   method  Accuracy  F1 Score  ...  gaussian  laplacian  sinkhorn
0     full_prediction  0.616505  0.601559  ...  0.014032   0.039016  0.010978
1  unaware_prediction  0.606796  0.586055  ...  0.014637   0.037467  0.011786
2       AL_prediction  0.687702  0.686649  ...  0.041441   0.086165  0.022910
3       GL_prediction  0.744337  0.743292  ...  0.040031   0.125557  0.022225
4       GD_prediction  0.671521  0.672009  ...  0.033191   0.076811  0.031429

[5 rows x 10 columns]
2021-06-02 10:05:00,680 genetic      DEBUG                   method  Accuracy  F1 Score  ...  gaussian  laplacian  sinkhorn
0     full_prediction  0.778232  0.748618  ...  0.076337   0.112446  0.031145
1  unaware_prediction  0.751144  0.698261  ...  0.005474   0.012071  0.002149
2       AL_prediction  0.831608  0.824062  ...  0.066040   0.078328  0.041677
3       GL_prediction  0.817665  0.800068  ...  0.048287   0.069980  0.028149
4       GD_prediction  0.817604  0.798531  ...  0.070258   0.100484  0.065637

[5 rows x 13 columns]
2021-06-02 10:13:35,141 genetic      DEBUG                   method  Accuracy  F1 Score  ...  gaussian  laplacian  sinkhorn
0     full_prediction  0.778232  0.748618  ...  0.015861   0.023655  0.006928
1  unaware_prediction  0.751144  0.698261  ...  0.001570   0.003389  0.000672
2       AL_prediction  0.831608  0.824062  ...  0.013026   0.015660  0.008496
3       GL_prediction  0.817665  0.800068  ...  0.006663   0.009503  0.005043
4       GD_prediction  0.817604  0.798531  ...  0.007543   0.010169  0.011524

[5 rows x 11 columns]
2021-06-02 10:20:19,792 genetic      DEBUG                   method  Accuracy  ...  sinkhorn  true_positive_rate_difference_race
0     full_prediction  0.778232  ...  0.006928                           -0.187453
1  unaware_prediction  0.751144  ...  0.000672                           -0.032260
2       AL_prediction  0.831608  ...  0.008496                           -0.145186
3       GL_prediction  0.817665  ...  0.005043                           -0.017649
4       GD_prediction  0.817604  ...  0.011524                           -0.014672

[5 rows x 13 columns]
2021-06-02 10:26:58,637 genetic      DEBUG                   method  Accuracy  ...  sinkhorn  true_positive_rate_difference_race
0     full_prediction  0.616505  ...  0.010978                            0.476471
1  unaware_prediction  0.606796  ...  0.011786                            0.394118
2       AL_prediction  0.687702  ...  0.022910                           -0.270588
3       GL_prediction  0.744337  ...  0.022225                           -0.264706
4       GD_prediction  0.671521  ...  0.031429                           -0.258824

[5 rows x 13 columns]
2021-06-02 10:44:33,081 genetic      DEBUG                   method  Accuracy  ...  sinkhorn  true_positive_rate_difference_race
0     full_prediction  0.616505  ...  0.010978                            0.476471
1  unaware_prediction  0.606796  ...  0.011786                            0.394118
2       AL_prediction  0.687702  ...  0.022910                           -0.270588
3       GL_prediction  0.744337  ...  0.022225                           -0.264706
4       GD_prediction  0.671521  ...  0.031429                           -0.258824

[5 rows x 13 columns]
2021-06-02 11:11:36,845 genetic      DEBUG                   method  Accuracy  ...  sinkhorn  true_positive_rate_difference_race
0     full_prediction  0.616505  ...  0.010978                           -0.476471
1  unaware_prediction  0.606796  ...  0.011786                           -0.394118
2       AL_prediction  0.687702  ...  0.022910                            0.270588
3       GL_prediction  0.744337  ...  0.022225                            0.264706
4       GD_prediction  0.671521  ...  0.031429                            0.258824

[5 rows x 13 columns]
2021-06-02 11:14:56,168 genetic      DEBUG                   method  Accuracy  ...  sinkhorn  true_positive_rate_difference_race
0     full_prediction  0.778232  ...  0.006928                           -0.187453
1  unaware_prediction  0.751144  ...  0.000672                           -0.032260
2       AL_prediction  0.831608  ...  0.008496                           -0.145186
3       GL_prediction  0.817665  ...  0.005043                           -0.017649
4       GD_prediction  0.817604  ...  0.011524                           -0.014672

[5 rows x 13 columns]
2021-06-02 14:37:39,582 genetic      DEBUG                   method  ...  true_positive_rate_difference_marital
0     full_prediction  ...                                    NaN
1  unaware_prediction  ...                                    NaN

[2 rows x 9 columns]
2021-06-02 14:38:59,684 genetic      DEBUG                   method  ...  true_positive_rate_difference_marital
0     full_prediction  ...                                    NaN
1  unaware_prediction  ...                                    NaN

[2 rows x 9 columns]
2021-06-02 14:41:07,157 genetic      DEBUG                   method  ...  true_positive_rate_difference_marital
0     full_prediction  ...                                    NaN
1  unaware_prediction  ...                                    NaN

[2 rows x 9 columns]
2021-06-02 14:43:55,158 genetic      DEBUG                   method  ...  true_positive_rate_difference_marital
0     full_prediction  ...                                    NaN
1  unaware_prediction  ...                                    NaN

[2 rows x 9 columns]
2021-06-02 14:44:52,673 genetic      DEBUG                   method  ...  true_positive_rate_difference_marital
0     full_prediction  ...                                    NaN
1  unaware_prediction  ...                                    NaN

[2 rows x 9 columns]
2021-06-02 15:09:45,235 genetic      DEBUG                   method  ...  true_positive_rate_difference_marital
0     full_prediction  ...                              -0.037822
1  unaware_prediction  ...                               0.046931

[2 rows x 9 columns]
2021-06-03 19:59:00,969 genetic      DEBUG                   method  ...  true_positive_rate_difference_race
0     full_prediction  ...                           -0.476471
1  unaware_prediction  ...                           -0.394118

[2 rows x 9 columns]
2021-06-03 19:59:35,675 genetic      DEBUG                   method  ...  true_positive_rate_difference_race
0     full_prediction  ...                           -0.476471
1  unaware_prediction  ...                           -0.394118

[2 rows x 9 columns]
2021-06-03 20:00:09,037 genetic      DEBUG                   method  ...  true_positive_rate_difference_race
0     full_prediction  ...                           -0.476471
1  unaware_prediction  ...                           -0.394118

[2 rows x 9 columns]
2021-06-03 20:01:01,669 genetic      DEBUG                   method  ...  true_positive_rate_difference_race
0     full_prediction  ...                           -0.476471
1  unaware_prediction  ...                           -0.394118
2       AL_prediction  ...                            0.270588
3       GL_prediction  ...                            0.264706
4       GD_prediction  ...                            0.258824

[5 rows x 9 columns]
2021-06-03 20:05:26,193 genetic      DEBUG                   method  ...  true_positive_rate_difference_race
0     full_prediction  ...                            0.146925
1  unaware_prediction  ...                            0.043048
2       AL_prediction  ...                            0.240775
3       GL_prediction  ...                            0.098930
4       GD_prediction  ...                            0.116176

[5 rows x 9 columns]
2021-06-03 20:57:17,464 genetic      DEBUG                   method  ...  true_positive_rate_difference_race
0     full_prediction  ...                            0.132383
1  unaware_prediction  ...                            0.024804
2       AL_prediction  ...                            0.201719
3       GL_prediction  ...                            0.069220
4       GD_prediction  ...                            0.095812

[5 rows x 9 columns]
2021-06-03 21:34:34,422 genetic      DEBUG                   method  Accuracy  ...  generalized_entropy_index_race  true_positive_rate_difference_race
0     full_prediction  0.621359  ...                        0.248448                            0.132383
1  unaware_prediction  0.614887  ...                        0.256670                            0.024804
2       AL_prediction  0.687702  ...                        0.165709                            0.201719
3       GL_prediction  0.744337  ...                        0.136762                            0.069220
4       GD_prediction  0.671521  ...                        0.149901                            0.095812

[5 rows x 9 columns]
2021-06-03 21:36:40,724 genetic      DEBUG                   method  Accuracy  ...  generalized_entropy_index_race  true_positive_rate_difference_race
0     full_prediction  0.621359  ...                        0.248448                            0.132383
1  unaware_prediction  0.614887  ...                        0.256670                            0.024804
2       AL_prediction  0.677994  ...                        0.176036                            0.128230
3       GL_prediction  0.729773  ...                        0.141610                            0.064144
4       GD_prediction  0.665049  ...                        0.133643                            0.078392

[5 rows x 9 columns]
2021-06-03 22:59:55,265 genetic      DEBUG                   method  Accuracy  ...  generalized_entropy_index_race  true_positive_rate_difference_race
0     full_prediction  0.621359  ...                        0.248448                            0.132383
1  unaware_prediction  0.614887  ...                        0.256670                            0.024804
2       AL_prediction  0.677994  ...                        0.176036                            0.128230
3       GL_prediction  0.747573  ...                        0.141892                            0.028611
4       GD_prediction  0.674757  ...                        0.154725                            0.103311

[5 rows x 9 columns]
2021-06-03 23:20:52,590 genetic      DEBUG                   method  Accuracy  ...  generalized_entropy_index_race  true_positive_rate_difference_race
0     full_prediction  0.621359  ...                        0.248448                            0.132383
1  unaware_prediction  0.614887  ...                        0.256670                            0.024804
2       AL_prediction  0.677994  ...                        0.176036                            0.128230
3       GL_prediction  0.749191  ...                        0.134540                            0.041417
4       GD_prediction  0.677994  ...                        0.150055                            0.123616

[5 rows x 9 columns]
2021-06-06 19:16:16,183 genetic      DEBUG          full_prediction  unaware_prediction  ...  GL_prediction  GD_prediction
0            0.440662            0.495471  ...       1.390808      -0.026544
1            0.348189            0.394759  ...       0.505798      -0.121433
2           -0.241747           -0.430404  ...      -0.621155      -0.205507
3           -0.016809           -0.097604  ...      -0.098450      -0.194845
4            0.078950            0.048006  ...       0.148621      -0.057116
...               ...                 ...  ...            ...            ...
1952         0.440662            0.495471  ...       1.390808      -0.026544
1953         0.125950            0.078951  ...       0.351624      -0.094263
1954        -0.811053           -0.147060  ...      -0.431946      -0.114980
1955         0.072233            0.021619  ...       0.027466      -0.193864
1956         0.179523            0.199693  ...       0.167053      -0.108179

[1957 rows x 9 columns]
2021-06-06 19:16:51,508 genetic      DEBUG          full_prediction  unaware_prediction  ...  GD_prediction      ZFYA
0            0.440662            0.495471  ...      -0.026544  2.353094
1            0.348189            0.394759  ...      -0.121433 -0.481275
2           -0.241747           -0.430404  ...      -0.205507 -0.849093
3           -0.016809           -0.097604  ...      -0.194845 -0.968094
4            0.078950            0.048006  ...      -0.057116 -0.686820
...               ...                 ...  ...            ...       ...
1952         0.440662            0.495471  ...      -0.026544  0.524818
1953         0.125950            0.078951  ...      -0.094263  0.211090
1954        -0.811053           -0.147060  ...      -0.114980 -2.277096
1955         0.072233            0.021619  ...      -0.193864  0.362545
1956         0.179523            0.199693  ...      -0.108179  0.514000

[1957 rows x 10 columns]
2021-06-06 19:17:41,278 genetic      DEBUG          sex  race  full_prediction  ...  GL_prediction  GD_prediction      ZFYA
0     1.0   1.0         0.440662  ...       1.390808      -0.026544  2.353094
1     1.0   1.0         0.348189  ...       0.505798      -0.121433 -0.481275
2     1.0   1.0        -0.241747  ...      -0.621155      -0.205507 -0.849093
3     1.0   1.0        -0.016809  ...      -0.098450      -0.194845 -0.968094
4     0.0   1.0         0.078950  ...       0.148621      -0.057116 -0.686820
...   ...   ...              ...  ...            ...            ...       ...
1952  1.0   1.0         0.440662  ...       1.390808      -0.026544  0.524818
1953  1.0   1.0         0.125950  ...       0.351624      -0.094263  0.211090
1954  0.0   0.0        -0.811053  ...      -0.431946      -0.114980 -2.277096
1955  1.0   1.0         0.072233  ...       0.027466      -0.193864  0.362545
1956  0.0   1.0         0.179523  ...       0.167053      -0.108179  0.514000

[1957 rows x 12 columns]
2021-06-06 19:17:44,183 genetic      DEBUG          RMSE  sinkhorn
0   1.2625    0.5882
1   1.3648    0.5173
2   0.9616    0.6135
3   0.9840    0.1088
4   1.0320    0.0000
5   1.0221    0.0046
6   1.0288    0.0015
7   1.0332    0.0012
8   0.9249    0.9822
9   0.9574    0.3140
10  1.0263    0.0039
11  0.0000    1.3044
2021-06-06 19:22:00,433 genetic      DEBUG          Unnamed: 0  race  sex  ...  AL_prediction  GL_prediction GD_prediction
0           5721   1.0  1.0  ...       1.183158       1.390808     -0.026544
1          16803   1.0  1.0  ...       0.197219       0.505798     -0.121433
2          20533   1.0  1.0  ...      -0.675278      -0.621155     -0.205507
3          18141   1.0  1.0  ...      -0.165360      -0.098450     -0.194845
4            996   1.0  0.0  ...       0.465965       0.148621     -0.057116
...          ...   ...  ...  ...            ...            ...           ...
1952       15318   1.0  1.0  ...       1.183158       1.390808     -0.026544
1953       26676   1.0  1.0  ...       0.090816       0.351624     -0.094263
1954       20264   0.0  0.0  ...      -0.816411      -0.431946     -0.114980
1955       23287   1.0  1.0  ...       0.250938       0.027466     -0.193864
1956       23794   1.0  0.0  ...      -0.198910       0.167053     -0.108179

[1957 rows x 18 columns]
2021-06-06 19:22:03,086 genetic      DEBUG         RMSE  sinkhorn
0  0.9616    0.6135
1  0.9840    0.1088
2  1.0320    0.0000
3  1.0221    0.0046
4  1.0288    0.0015
5  1.0332    0.0012
6  0.9249    0.9822
7  0.9574    0.3140
8  1.0263    0.0039
2021-06-06 22:15:29,015 genetic      DEBUG          Unnamed: 0  race  sex  ...  AL_prediction  GL_prediction GD_prediction
0           5721   1.0  1.0  ...       1.183158       1.390808     -0.026544
1          16803   1.0  1.0  ...       0.197219       0.505798     -0.121433
2          20533   1.0  1.0  ...      -0.675278      -0.621155     -0.205507
3          18141   1.0  1.0  ...      -0.165360      -0.098450     -0.194845
4            996   1.0  0.0  ...       0.465965       0.148621     -0.057116
...          ...   ...  ...  ...            ...            ...           ...
1952       15318   1.0  1.0  ...       1.183158       1.390808     -0.026544
1953       26676   1.0  1.0  ...       0.090816       0.351624     -0.094263
1954       20264   0.0  0.0  ...      -0.816411      -0.431946     -0.114980
1955       23287   1.0  1.0  ...       0.250938       0.027466     -0.193864
1956       23794   1.0  0.0  ...      -0.198910       0.167053     -0.108179

[1957 rows x 18 columns]
2021-06-06 22:15:31,677 genetic      DEBUG         RMSE  sinkhorn
0  0.9616    0.6135
1  0.9840    0.1088
2  1.0320    0.0002
3  1.0249    0.0026
4  1.0286    0.0015
5  1.0342    0.0008
6  0.9249    0.9822
7  0.9574    0.3140
8  1.0263    0.0039
2021-06-07 09:32:23,025 genetic      DEBUG          Unnamed: 0  race  sex  ...  AL_prediction  GL_prediction GD_prediction
0           5721   1.0  1.0  ...       1.183158       1.390808     -0.026544
1          16803   1.0  1.0  ...       0.197219       0.505798     -0.121433
2          20533   1.0  1.0  ...      -0.675278      -0.621155     -0.205507
3          18141   1.0  1.0  ...      -0.165360      -0.098450     -0.194845
4            996   1.0  0.0  ...       0.465965       0.148621     -0.057116
...          ...   ...  ...  ...            ...            ...           ...
1952       15318   1.0  1.0  ...       1.183158       1.390808     -0.026544
1953       26676   1.0  1.0  ...       0.090816       0.351624     -0.094263
1954       20264   0.0  0.0  ...      -0.816411      -0.431946     -0.114980
1955       23287   1.0  1.0  ...       0.250938       0.027466     -0.193864
1956       23794   1.0  0.0  ...      -0.198910       0.167053     -0.108179

[1957 rows x 18 columns]
2021-06-07 09:32:25,797 genetic      DEBUG         RMSE  sinkhorn
0  0.9616    0.6135
1  0.9840    0.1088
2  1.0356    0.0000
3  1.0309    0.0011
4  1.0277    0.0020
5  1.0327    0.0019
6  0.9249    0.9822
7  0.9574    0.3140
8  1.0263    0.0039
2021-06-07 10:57:45,028 genetic      DEBUG          Unnamed: 0  race  sex  ...  AL_prediction  GL_prediction GD_prediction
0           5721   1.0  1.0  ...       1.183158       1.390808     -0.026544
1          16803   1.0  1.0  ...       0.197219       0.505798     -0.121433
2          20533   1.0  1.0  ...      -0.675278      -0.621155     -0.205507
3          18141   1.0  1.0  ...      -0.165360      -0.098450     -0.194845
4            996   1.0  0.0  ...       0.465965       0.148621     -0.057116
...          ...   ...  ...  ...            ...            ...           ...
1952       15318   1.0  1.0  ...       1.183158       1.390808     -0.026544
1953       26676   1.0  1.0  ...       0.090816       0.351624     -0.094263
1954       20264   0.0  0.0  ...      -0.816411      -0.431946     -0.114980
1955       23287   1.0  1.0  ...       0.250938       0.027466     -0.193864
1956       23794   1.0  0.0  ...      -0.198910       0.167053     -0.108179

[1957 rows x 18 columns]
2021-06-07 10:57:47,967 genetic      DEBUG         RMSE  sinkhorn
0  0.9616    0.6135
1  0.9840    0.1088
2  1.0356    0.0000
3  1.0304    0.0014
4  1.0277    0.0011
5  1.0289    0.0013
6  0.9249    0.9822
7  0.9574    0.3140
8  1.0263    0.0039
2021-06-07 11:33:15,320 genetic      DEBUG          Unnamed: 0  race  sex  ...  AL_prediction  GL_prediction GD_prediction
0           5721   1.0  1.0  ...       1.183158       1.390808     -0.026544
1          16803   1.0  1.0  ...       0.197219       0.505798     -0.121433
2          20533   1.0  1.0  ...      -0.675278      -0.621155     -0.205507
3          18141   1.0  1.0  ...      -0.165360      -0.098450     -0.194845
4            996   1.0  0.0  ...       0.465965       0.148621     -0.057116
...          ...   ...  ...  ...            ...            ...           ...
1952       15318   1.0  1.0  ...       1.183158       1.390808     -0.026544
1953       26676   1.0  1.0  ...       0.090816       0.351624     -0.094263
1954       20264   0.0  0.0  ...      -0.816411      -0.431946     -0.114980
1955       23287   1.0  1.0  ...       0.250938       0.027466     -0.193864
1956       23794   1.0  0.0  ...      -0.198910       0.167053     -0.108179

[1957 rows x 18 columns]
2021-06-07 11:33:17,729 genetic      DEBUG         RMSE  sinkhorn
0  0.9616    0.6048
1  0.9840    0.1081
2  1.0356    0.0000
3  1.0304    0.0013
4  1.0277    0.0010
5  1.0289    0.0012
6  0.9249    0.9620
7  0.9574    0.3082
8  1.0263    0.0039
2021-06-07 11:35:56,471 genetic      DEBUG          Unnamed: 0  race  sex  ...  AL_prediction  GL_prediction GD_prediction
0           5721   1.0  1.0  ...       1.183158       1.390808     -0.026544
1          16803   1.0  1.0  ...       0.197219       0.505798     -0.121433
2          20533   1.0  1.0  ...      -0.675278      -0.621155     -0.205507
3          18141   1.0  1.0  ...      -0.165360      -0.098450     -0.194845
4            996   1.0  0.0  ...       0.465965       0.148621     -0.057116
...          ...   ...  ...  ...            ...            ...           ...
1952       15318   1.0  1.0  ...       1.183158       1.390808     -0.026544
1953       26676   1.0  1.0  ...       0.090816       0.351624     -0.094263
1954       20264   0.0  0.0  ...      -0.816411      -0.431946     -0.114980
1955       23287   1.0  1.0  ...       0.250938       0.027466     -0.193864
1956       23794   1.0  0.0  ...      -0.198910       0.167053     -0.108179

[1957 rows x 18 columns]
2021-06-07 11:35:58,886 genetic      DEBUG         RMSE  sinkhorn
0  0.9616    0.6048
1  0.9840    0.1081
2  1.0356    0.0000
3  1.0304    0.0013
4  1.0277    0.0010
5  1.0289    0.0012
6  0.9249    0.9620
7  0.9574    0.3082
8  1.0263    0.0039
2021-06-08 19:26:21,809 genetic      DEBUG          Unnamed: 0  race  sex  ...  AL_prediction  GL_prediction GD_prediction
0           5721   1.0  1.0  ...       1.183158       1.390808     -0.026544
1          16803   1.0  1.0  ...       0.197219       0.505798     -0.121433
2          20533   1.0  1.0  ...      -0.675278      -0.621155     -0.205507
3          18141   1.0  1.0  ...      -0.165360      -0.098450     -0.194845
4            996   1.0  0.0  ...       0.465965       0.148621     -0.057116
...          ...   ...  ...  ...            ...            ...           ...
1952       15318   1.0  1.0  ...       1.183158       1.390808     -0.026544
1953       26676   1.0  1.0  ...       0.090816       0.351624     -0.094263
1954       20264   0.0  0.0  ...      -0.816411      -0.431946     -0.114980
1955       23287   1.0  1.0  ...       0.250938       0.027466     -0.193864
1956       23794   1.0  0.0  ...      -0.198910       0.167053     -0.108179

[1957 rows x 28 columns]
2021-06-08 19:26:24,840 genetic      DEBUG          RMSE  sinkhorn
0   0.9616    0.6048
1   1.1083    0.4172
2   0.9840    0.1081
3   0.9994    0.0439
4   1.2088    0.0472
5   1.0355    0.0000
6   1.2773    0.0201
7   1.0354    0.0000
8   1.2693    0.0135
9   1.1296    0.0353
10  1.1112    0.0052
11  1.0353    0.0000
12  1.1187    0.0228
13  1.0354    0.0000
14  1.1323    0.0158
15  1.1546    0.0298
16  0.9249    0.9620
17  0.9574    0.3082
18  1.0263    0.0039
2021-06-09 14:01:55,584 genetic      DEBUG          Unnamed: 0  race  sex  ...  AL_prediction  GL_prediction GD_prediction
0           5721   1.0  1.0  ...       1.183158       1.390808     -0.026544
1          16803   1.0  1.0  ...       0.197219       0.505798     -0.121433
2          20533   1.0  1.0  ...      -0.675278      -0.621155     -0.205507
3          18141   1.0  1.0  ...      -0.165360      -0.098450     -0.194845
4            996   1.0  0.0  ...       0.465965       0.148621     -0.057116
...          ...   ...  ...  ...            ...            ...           ...
1952       15318   1.0  1.0  ...       1.183158       1.390808     -0.026544
1953       26676   1.0  1.0  ...       0.090816       0.351624     -0.094263
1954       20264   0.0  0.0  ...      -0.816411      -0.431946     -0.114980
1955       23287   1.0  1.0  ...       0.250938       0.027466     -0.193864
1956       23794   1.0  0.0  ...      -0.198910       0.167053     -0.108179

[1957 rows x 28 columns]
2021-06-09 14:01:58,667 genetic      DEBUG          RMSE  sinkhorn
0   0.9616    0.6048
1   1.0780    2.1165
2   0.9840    0.1081
3   1.1098    0.1125
4   1.1040    0.0037
5   1.0355    0.0000
6   1.0572    0.0041
7   1.0358    0.0000
8   1.0578    0.0015
9   1.0576    0.0004
10  1.2631    0.0250
11  1.0353    0.0000
12  1.1164    0.0326
13  1.0353    0.0000
14  1.1788    0.0211
15  1.3470    0.0468
16  0.9249    0.9620
17  0.9574    0.3082
18  1.0263    0.0039
