2021-06-08 19:47:26,633 CFairness    DEBUG    Setup hyperparameter
2021-06-08 19:47:26,641 CFairness    DEBUG    Training
2021-06-08 19:47:26,641 CFairness    DEBUG    Number of updates 137
2021-06-08 19:47:26,641 CFairness    DEBUG    Dataframe length 17611
2021-06-08 19:47:26,641 CFairness    DEBUG    Batchsize 128
2021-06-08 19:47:30,549 CFairness    DEBUG    Epoch 0
2021-06-08 19:47:30,549 CFairness    DEBUG    Learning rate
2021-06-08 19:47:30,549 CFairness    DEBUG    1e-06
2021-06-08 19:47:30,549 CFairness    DEBUG    1.0495000000000166e-06
2021-06-08 19:47:30,549 CFairness    DEBUG    1.0495000000000166e-06
2021-06-08 19:47:30,549 CFairness    DEBUG    Prediction
2021-06-08 19:47:30,549 CFairness    DEBUG    [-0.06642143 -0.07071837 -0.07071837 ...  5.3691063  -0.07071837
 -0.07071837]
2021-06-08 19:47:30,550 CFairness    DEBUG    Loss Agnostic 1.2098
2021-06-08 19:47:30,550 CFairness    DEBUG    Loss Awareness 1.4266
2021-06-08 19:47:30,550 CFairness    DEBUG    Generator loss 1.5371
2021-06-08 19:47:30,550 CFairness    DEBUG    RMSE 2.5450
2021-06-08 19:47:30,550 CFairness    DEBUG    Fairness 0.5928388
2021-06-08 19:47:34,419 CFairness    DEBUG    Epoch 1
2021-06-08 19:47:34,419 CFairness    DEBUG    Learning rate
2021-06-08 19:47:34,419 CFairness    DEBUG    1e-06
2021-06-08 19:47:34,419 CFairness    DEBUG    1.098999999999989e-06
2021-06-08 19:47:34,419 CFairness    DEBUG    1.098999999999989e-06
2021-06-08 19:47:34,419 CFairness    DEBUG    Prediction
2021-06-08 19:47:34,419 CFairness    DEBUG    [-1.3706636  -0.16795976 -0.07063873 ... -1.4130248  -3.0955381
 -0.07063873]
2021-06-08 19:47:34,420 CFairness    DEBUG    Loss Agnostic 1.2006
2021-06-08 19:47:34,420 CFairness    DEBUG    Loss Awareness 1.4183
2021-06-08 19:47:34,420 CFairness    DEBUG    Generator loss 1.4133
2021-06-08 19:47:34,420 CFairness    DEBUG    RMSE 2.5414
2021-06-08 19:47:34,420 CFairness    DEBUG    Fairness 0.1358068
2021-06-08 19:47:38,210 CFairness    DEBUG    Epoch 2
2021-06-08 19:47:38,211 CFairness    DEBUG    Learning rate
2021-06-08 19:47:38,211 CFairness    DEBUG    1e-06
2021-06-08 19:47:38,211 CFairness    DEBUG    1.1485000000000056e-06
2021-06-08 19:47:38,211 CFairness    DEBUG    1.1485000000000056e-06
2021-06-08 19:47:38,211 CFairness    DEBUG    Prediction
2021-06-08 19:47:38,211 CFairness    DEBUG    [-0.07056189 -0.07056189 -0.07056189 ... -0.31682643  0.49214363
 -0.07056189]
2021-06-08 19:47:38,211 CFairness    DEBUG    Loss Agnostic 1.1833
2021-06-08 19:47:38,212 CFairness    DEBUG    Loss Awareness 1.4303
2021-06-08 19:47:38,212 CFairness    DEBUG    Generator loss 1.3600
2021-06-08 19:47:38,212 CFairness    DEBUG    RMSE 2.6212
2021-06-08 19:47:38,212 CFairness    DEBUG    Fairness 0.3118599
2021-06-08 19:47:42,020 CFairness    DEBUG    Epoch 3
2021-06-08 19:47:42,020 CFairness    DEBUG    Learning rate
2021-06-08 19:47:42,020 CFairness    DEBUG    1e-06
2021-06-08 19:47:42,020 CFairness    DEBUG    1.1979999999999782e-06
2021-06-08 19:47:42,020 CFairness    DEBUG    1.1979999999999782e-06
2021-06-08 19:47:42,020 CFairness    DEBUG    Prediction
2021-06-08 19:47:42,020 CFairness    DEBUG    [-0.07048489 -0.07048489 -3.2988598  ... -0.28128394 -0.07048489
  3.5809603 ]
2021-06-08 19:47:42,021 CFairness    DEBUG    Loss Agnostic 1.1850
2021-06-08 19:47:42,021 CFairness    DEBUG    Loss Awareness 1.4107
2021-06-08 19:47:42,021 CFairness    DEBUG    Generator loss 1.3586
2021-06-08 19:47:42,021 CFairness    DEBUG    RMSE 2.5016
2021-06-08 19:47:42,021 CFairness    DEBUG    Fairness 0.1944123
2021-06-08 19:47:45,953 CFairness    DEBUG    Epoch 4
2021-06-08 19:47:45,953 CFairness    DEBUG    Learning rate
2021-06-08 19:47:45,953 CFairness    DEBUG    1e-06
2021-06-08 19:47:45,953 CFairness    DEBUG    1.2474999999999946e-06
2021-06-08 19:47:45,953 CFairness    DEBUG    1.2474999999999946e-06
2021-06-08 19:47:45,953 CFairness    DEBUG    Prediction
2021-06-08 19:47:45,953 CFairness    DEBUG    [-0.07039852 -3.2426233  -0.07039852 ... 12.938383   -0.07039852
 -0.07039852]
2021-06-08 19:47:45,954 CFairness    DEBUG    Loss Agnostic 1.1939
2021-06-08 19:47:45,954 CFairness    DEBUG    Loss Awareness 1.4019
2021-06-08 19:47:45,954 CFairness    DEBUG    Generator loss 1.3950
2021-06-08 19:47:45,954 CFairness    DEBUG    RMSE 2.5221
2021-06-08 19:47:45,954 CFairness    DEBUG    Fairness 0.1263986
2021-06-08 19:47:49,770 CFairness    DEBUG    Epoch 5
2021-06-08 19:47:49,770 CFairness    DEBUG    Learning rate
2021-06-08 19:47:49,770 CFairness    DEBUG    1e-06
2021-06-08 19:47:49,770 CFairness    DEBUG    1.2970000000000113e-06
2021-06-08 19:47:49,770 CFairness    DEBUG    1.2970000000000113e-06
2021-06-08 19:47:49,770 CFairness    DEBUG    Prediction
2021-06-08 19:47:49,770 CFairness    DEBUG    [ 0.42361295 -0.07031879 -1.3729264  ... -0.07031879 -0.07031879
 -0.07031879]
2021-06-08 19:47:49,771 CFairness    DEBUG    Loss Agnostic 1.1927
2021-06-08 19:47:49,771 CFairness    DEBUG    Loss Awareness 1.3969
2021-06-08 19:47:49,771 CFairness    DEBUG    Generator loss 1.5285
2021-06-08 19:47:49,771 CFairness    DEBUG    RMSE 2.5139
2021-06-08 19:47:49,771 CFairness    DEBUG    Fairness 0.1258014
2021-06-08 19:47:53,544 CFairness    DEBUG    Epoch 6
2021-06-08 19:47:53,544 CFairness    DEBUG    Learning rate
2021-06-08 19:47:53,545 CFairness    DEBUG    1e-06
2021-06-08 19:47:53,545 CFairness    DEBUG    1.3464999999999838e-06
2021-06-08 19:47:53,545 CFairness    DEBUG    1.3464999999999838e-06
2021-06-08 19:47:53,545 CFairness    DEBUG    Prediction
2021-06-08 19:47:53,545 CFairness    DEBUG    [-4.303045   -0.07022534 -0.07022534 ... -2.3600159  -0.07022534
 -0.07022534]
2021-06-08 19:47:53,545 CFairness    DEBUG    Loss Agnostic 1.1799
2021-06-08 19:47:53,545 CFairness    DEBUG    Loss Awareness 1.4069
2021-06-08 19:47:53,545 CFairness    DEBUG    Generator loss 1.4498
2021-06-08 19:47:53,545 CFairness    DEBUG    RMSE 2.5415
2021-06-08 19:47:53,545 CFairness    DEBUG    Fairness 0.0915828
2021-06-08 19:47:57,327 CFairness    DEBUG    Epoch 7
2021-06-08 19:47:57,328 CFairness    DEBUG    Learning rate
2021-06-08 19:47:57,328 CFairness    DEBUG    1e-06
2021-06-08 19:47:57,328 CFairness    DEBUG    1.3960000000000003e-06
2021-06-08 19:47:57,328 CFairness    DEBUG    1.3960000000000003e-06
2021-06-08 19:47:57,328 CFairness    DEBUG    Prediction
2021-06-08 19:47:57,328 CFairness    DEBUG    [ 4.512351   -0.07012539  0.22556926 ... -0.07012539 -0.07012539
  0.47888553]
2021-06-08 19:47:57,328 CFairness    DEBUG    Loss Agnostic 1.1998
2021-06-08 19:47:57,328 CFairness    DEBUG    Loss Awareness 1.3768
2021-06-08 19:47:57,329 CFairness    DEBUG    Generator loss 1.4071
2021-06-08 19:47:57,329 CFairness    DEBUG    RMSE 2.4751
2021-06-08 19:47:57,329 CFairness    DEBUG    Fairness 0.1941555
2021-06-08 19:48:01,111 CFairness    DEBUG    Epoch 8
2021-06-08 19:48:01,111 CFairness    DEBUG    Learning rate
2021-06-08 19:48:01,111 CFairness    DEBUG    1e-06
2021-06-08 19:48:01,112 CFairness    DEBUG    1.445500000000017e-06
2021-06-08 19:48:01,112 CFairness    DEBUG    1.445500000000017e-06
2021-06-08 19:48:01,112 CFairness    DEBUG    Prediction
2021-06-08 19:48:01,112 CFairness    DEBUG    [-0.07003903 -0.07003903 -0.3432181  ... -1.0078673  -0.07003903
  0.5658449 ]
2021-06-08 19:48:01,112 CFairness    DEBUG    Loss Agnostic 1.1564
2021-06-08 19:48:01,112 CFairness    DEBUG    Loss Awareness 1.3883
2021-06-08 19:48:01,112 CFairness    DEBUG    Generator loss 1.2999
2021-06-08 19:48:01,112 CFairness    DEBUG    RMSE 2.5240
2021-06-08 19:48:01,112 CFairness    DEBUG    Fairness 0.1550726
2021-06-08 19:48:04,981 CFairness    DEBUG    Epoch 9
2021-06-08 19:48:04,981 CFairness    DEBUG    Learning rate
2021-06-08 19:48:04,981 CFairness    DEBUG    1e-06
2021-06-08 19:48:04,981 CFairness    DEBUG    1.4949999999999895e-06
2021-06-08 19:48:04,981 CFairness    DEBUG    1.4949999999999895e-06
2021-06-08 19:48:04,981 CFairness    DEBUG    Prediction
2021-06-08 19:48:04,981 CFairness    DEBUG    [-0.06993662 -0.35118085 -0.06993662 ...  1.9584373  -0.06993662
 -0.06993662]
2021-06-08 19:48:04,982 CFairness    DEBUG    Loss Agnostic 1.1593
2021-06-08 19:48:04,982 CFairness    DEBUG    Loss Awareness 1.3808
2021-06-08 19:48:04,982 CFairness    DEBUG    Generator loss 1.3487
2021-06-08 19:48:04,982 CFairness    DEBUG    RMSE 2.4891
2021-06-08 19:48:04,982 CFairness    DEBUG    Fairness 0.2247650
2021-06-08 19:48:08,743 CFairness    DEBUG    Epoch 10
2021-06-08 19:48:08,744 CFairness    DEBUG    Learning rate
2021-06-08 19:48:08,744 CFairness    DEBUG    1e-06
2021-06-08 19:48:08,744 CFairness    DEBUG    1.5445000000000061e-06
2021-06-08 19:48:08,744 CFairness    DEBUG    1.5445000000000061e-06
2021-06-08 19:48:08,744 CFairness    DEBUG    Prediction
2021-06-08 19:48:08,744 CFairness    DEBUG    [ 3.016844    6.139924   11.125363   ... -0.4504157  -0.8607771
 -0.06982321]
2021-06-08 19:48:08,744 CFairness    DEBUG    Loss Agnostic 1.1397
2021-06-08 19:48:08,744 CFairness    DEBUG    Loss Awareness 1.3668
2021-06-08 19:48:08,744 CFairness    DEBUG    Generator loss 1.2401
2021-06-08 19:48:08,744 CFairness    DEBUG    RMSE 2.4683
2021-06-08 19:48:08,745 CFairness    DEBUG    Fairness 0.0776938
2021-06-08 19:48:12,641 CFairness    DEBUG    Epoch 11
2021-06-08 19:48:12,643 CFairness    DEBUG    Learning rate
2021-06-08 19:48:12,643 CFairness    DEBUG    1e-06
2021-06-08 19:48:12,643 CFairness    DEBUG    1.5939999999999785e-06
2021-06-08 19:48:12,643 CFairness    DEBUG    1.5939999999999785e-06
2021-06-08 19:48:12,643 CFairness    DEBUG    Prediction
2021-06-08 19:48:12,643 CFairness    DEBUG    [ 4.5325074  -0.0697046  -0.91519225 ... -2.99791    -0.0697046
 -0.0697046 ]
2021-06-08 19:48:12,644 CFairness    DEBUG    Loss Agnostic 1.1754
2021-06-08 19:48:12,644 CFairness    DEBUG    Loss Awareness 1.3670
2021-06-08 19:48:12,644 CFairness    DEBUG    Generator loss 1.4045
2021-06-08 19:48:12,644 CFairness    DEBUG    RMSE 2.5243
2021-06-08 19:48:12,644 CFairness    DEBUG    Fairness 0.3281840
2021-06-08 19:48:16,489 CFairness    DEBUG    Epoch 12
2021-06-08 19:48:16,489 CFairness    DEBUG    Learning rate
2021-06-08 19:48:16,489 CFairness    DEBUG    1e-06
2021-06-08 19:48:16,489 CFairness    DEBUG    1.643499999999995e-06
2021-06-08 19:48:16,489 CFairness    DEBUG    1.643499999999995e-06
2021-06-08 19:48:16,489 CFairness    DEBUG    Prediction
2021-06-08 19:48:16,489 CFairness    DEBUG    [-0.06958805 -0.06958805 -0.06958805 ... -1.0511674   2.7888932
 -0.06958805]
2021-06-08 19:48:16,489 CFairness    DEBUG    Loss Agnostic 1.1593
2021-06-08 19:48:16,489 CFairness    DEBUG    Loss Awareness 1.3511
2021-06-08 19:48:16,489 CFairness    DEBUG    Generator loss 1.3804
2021-06-08 19:48:16,489 CFairness    DEBUG    RMSE 2.4375
2021-06-08 19:48:16,489 CFairness    DEBUG    Fairness 0.1791756
2021-06-08 19:48:20,335 CFairness    DEBUG    Epoch 13
2021-06-08 19:48:20,335 CFairness    DEBUG    Learning rate
2021-06-08 19:48:20,335 CFairness    DEBUG    1e-06
2021-06-08 19:48:20,335 CFairness    DEBUG    1.6930000000000116e-06
2021-06-08 19:48:20,335 CFairness    DEBUG    1.6930000000000116e-06
2021-06-08 19:48:20,335 CFairness    DEBUG    Prediction
2021-06-08 19:48:20,335 CFairness    DEBUG    [-1.9708968  -0.06946824 -0.06946824 ... -0.06946824 -0.2910185
 -0.06946824]
2021-06-08 19:48:20,335 CFairness    DEBUG    Loss Agnostic 1.1578
2021-06-08 19:48:20,335 CFairness    DEBUG    Loss Awareness 1.3503
2021-06-08 19:48:20,336 CFairness    DEBUG    Generator loss 1.4213
2021-06-08 19:48:20,336 CFairness    DEBUG    RMSE 2.4549
2021-06-08 19:48:20,336 CFairness    DEBUG    Fairness 0.1472926
2021-06-08 19:48:24,145 CFairness    DEBUG    Epoch 14
2021-06-08 19:48:24,146 CFairness    DEBUG    Learning rate
2021-06-08 19:48:24,146 CFairness    DEBUG    1e-06
2021-06-08 19:48:24,146 CFairness    DEBUG    1.7424999999999842e-06
2021-06-08 19:48:24,146 CFairness    DEBUG    1.7424999999999842e-06
2021-06-08 19:48:24,146 CFairness    DEBUG    Prediction
2021-06-08 19:48:24,146 CFairness    DEBUG    [-0.06934077  0.13265705 -0.8548069  ... -1.8616531  -0.06934077
 -0.06934077]
2021-06-08 19:48:24,146 CFairness    DEBUG    Loss Agnostic 1.1383
2021-06-08 19:48:24,146 CFairness    DEBUG    Loss Awareness 1.3436
2021-06-08 19:48:24,146 CFairness    DEBUG    Generator loss 1.3759
2021-06-08 19:48:24,146 CFairness    DEBUG    RMSE 2.4342
2021-06-08 19:48:24,147 CFairness    DEBUG    Fairness 0.2146744
2021-06-08 19:48:27,955 CFairness    DEBUG    Epoch 15
2021-06-08 19:48:27,956 CFairness    DEBUG    Learning rate
2021-06-08 19:48:27,956 CFairness    DEBUG    1e-06
2021-06-08 19:48:27,956 CFairness    DEBUG    1.7920000000000008e-06
2021-06-08 19:48:27,956 CFairness    DEBUG    1.7920000000000008e-06
2021-06-08 19:48:27,956 CFairness    DEBUG    Prediction
2021-06-08 19:48:27,956 CFairness    DEBUG    [-0.00345008 -0.4080225   0.44716164 ...  0.00796688 -0.9385229
 -0.71473056]
2021-06-08 19:48:27,956 CFairness    DEBUG    Loss Agnostic 1.1324
2021-06-08 19:48:27,956 CFairness    DEBUG    Loss Awareness 1.3539
2021-06-08 19:48:27,956 CFairness    DEBUG    Generator loss 1.3002
2021-06-08 19:48:27,956 CFairness    DEBUG    RMSE 2.4045
2021-06-08 19:48:27,956 CFairness    DEBUG    Fairness 0.0598208
2021-06-08 19:48:31,711 CFairness    DEBUG    Epoch 16
2021-06-08 19:48:31,711 CFairness    DEBUG    Learning rate
2021-06-08 19:48:31,711 CFairness    DEBUG    1e-06
2021-06-08 19:48:31,711 CFairness    DEBUG    1.8415000000000172e-06
2021-06-08 19:48:31,711 CFairness    DEBUG    1.8415000000000172e-06
2021-06-08 19:48:31,711 CFairness    DEBUG    Prediction
2021-06-08 19:48:31,711 CFairness    DEBUG    [-0.20148854 -0.06909116 -0.67260724 ... -0.06909116  1.4937243
 -0.06909116]
2021-06-08 19:48:31,712 CFairness    DEBUG    Loss Agnostic 1.1388
2021-06-08 19:48:31,712 CFairness    DEBUG    Loss Awareness 1.3439
2021-06-08 19:48:31,712 CFairness    DEBUG    Generator loss 1.3580
2021-06-08 19:48:31,712 CFairness    DEBUG    RMSE 2.4641
2021-06-08 19:48:31,712 CFairness    DEBUG    Fairness 0.0834286
2021-06-08 19:48:35,523 CFairness    DEBUG    Epoch 17
2021-06-08 19:48:35,523 CFairness    DEBUG    Learning rate
2021-06-08 19:48:35,523 CFairness    DEBUG    1e-06
2021-06-08 19:48:35,523 CFairness    DEBUG    1.8909999999999898e-06
2021-06-08 19:48:35,523 CFairness    DEBUG    1.8909999999999898e-06
2021-06-08 19:48:35,523 CFairness    DEBUG    Prediction
2021-06-08 19:48:35,523 CFairness    DEBUG    [-0.0689529  -0.0689529   0.00559815 ... -0.0689529  -0.0689529
 -0.0689529 ]
2021-06-08 19:48:35,523 CFairness    DEBUG    Loss Agnostic 1.1185
2021-06-08 19:48:35,523 CFairness    DEBUG    Loss Awareness 1.3250
2021-06-08 19:48:35,523 CFairness    DEBUG    Generator loss 1.3290
2021-06-08 19:48:35,523 CFairness    DEBUG    RMSE 2.4144
2021-06-08 19:48:35,524 CFairness    DEBUG    Fairness 0.1730537
2021-06-08 19:48:39,331 CFairness    DEBUG    Epoch 18
2021-06-08 19:48:39,331 CFairness    DEBUG    Learning rate
2021-06-08 19:48:39,331 CFairness    DEBUG    1e-06
2021-06-08 19:48:39,331 CFairness    DEBUG    1.9405000000000062e-06
2021-06-08 19:48:39,331 CFairness    DEBUG    1.9405000000000062e-06
2021-06-08 19:48:39,331 CFairness    DEBUG    Prediction
2021-06-08 19:48:39,331 CFairness    DEBUG    [-0.06881552 -0.06881552  1.4468118  ...  5.416741   -0.54032916
  1.5982099 ]
2021-06-08 19:48:39,331 CFairness    DEBUG    Loss Agnostic 1.1353
2021-06-08 19:48:39,331 CFairness    DEBUG    Loss Awareness 1.3558
2021-06-08 19:48:39,331 CFairness    DEBUG    Generator loss 1.2789
2021-06-08 19:48:39,332 CFairness    DEBUG    RMSE 2.4079
2021-06-08 19:48:39,332 CFairness    DEBUG    Fairness 0.2058404
2021-06-08 19:48:43,070 CFairness    DEBUG    Epoch 19
2021-06-08 19:48:43,071 CFairness    DEBUG    Learning rate
2021-06-08 19:48:43,071 CFairness    DEBUG    1e-06
2021-06-08 19:48:43,071 CFairness    DEBUG    1.989999999999979e-06
2021-06-08 19:48:43,071 CFairness    DEBUG    1.989999999999979e-06
2021-06-08 19:48:43,071 CFairness    DEBUG    Prediction
2021-06-08 19:48:43,071 CFairness    DEBUG    [-0.05422749 -0.06867797  0.04751168 ... -2.0493476   0.4930523
 -0.6839069 ]
2021-06-08 19:48:43,071 CFairness    DEBUG    Loss Agnostic 1.1048
2021-06-08 19:48:43,071 CFairness    DEBUG    Loss Awareness 1.3342
2021-06-08 19:48:43,071 CFairness    DEBUG    Generator loss 1.2871
2021-06-08 19:48:43,072 CFairness    DEBUG    RMSE 2.3585
2021-06-08 19:48:43,072 CFairness    DEBUG    Fairness 0.4549144
2021-06-08 19:48:46,864 CFairness    DEBUG    Epoch 20
2021-06-08 19:48:46,865 CFairness    DEBUG    Learning rate
2021-06-08 19:48:46,865 CFairness    DEBUG    1e-06
2021-06-08 19:48:46,865 CFairness    DEBUG    2.0394999999999955e-06
2021-06-08 19:48:46,865 CFairness    DEBUG    2.0394999999999955e-06
2021-06-08 19:48:46,865 CFairness    DEBUG    Prediction
2021-06-08 19:48:46,865 CFairness    DEBUG    [-0.83274883 -2.7750788  -2.7747126  ... -0.06476501  0.5163828
 -0.06851862]
2021-06-08 19:48:46,865 CFairness    DEBUG    Loss Agnostic 1.1003
2021-06-08 19:48:46,865 CFairness    DEBUG    Loss Awareness 1.3299
2021-06-08 19:48:46,865 CFairness    DEBUG    Generator loss 1.2770
2021-06-08 19:48:46,865 CFairness    DEBUG    RMSE 2.3431
2021-06-08 19:48:46,865 CFairness    DEBUG    Fairness 0.1376525
2021-06-08 19:48:50,697 CFairness    DEBUG    Epoch 21
2021-06-08 19:48:50,697 CFairness    DEBUG    Learning rate
2021-06-08 19:48:50,697 CFairness    DEBUG    1e-06
2021-06-08 19:48:50,697 CFairness    DEBUG    2.089000000000012e-06
2021-06-08 19:48:50,697 CFairness    DEBUG    2.089000000000012e-06
2021-06-08 19:48:50,698 CFairness    DEBUG    Prediction
2021-06-08 19:48:50,698 CFairness    DEBUG    [-0.06836307  0.42327777  4.3485923  ... -0.06570674  2.4049625
 -0.06836307]
2021-06-08 19:48:50,698 CFairness    DEBUG    Loss Agnostic 1.1172
2021-06-08 19:48:50,698 CFairness    DEBUG    Loss Awareness 1.3322
2021-06-08 19:48:50,698 CFairness    DEBUG    Generator loss 1.3072
2021-06-08 19:48:50,698 CFairness    DEBUG    RMSE 2.2846
2021-06-08 19:48:50,698 CFairness    DEBUG    Fairness 0.2232263
2021-06-08 19:48:54,519 CFairness    DEBUG    Epoch 22
2021-06-08 19:48:54,519 CFairness    DEBUG    Learning rate
2021-06-08 19:48:54,520 CFairness    DEBUG    1e-06
2021-06-08 19:48:54,520 CFairness    DEBUG    2.1384999999999847e-06
2021-06-08 19:48:54,520 CFairness    DEBUG    2.1384999999999847e-06
2021-06-08 19:48:54,520 CFairness    DEBUG    Prediction
2021-06-08 19:48:54,520 CFairness    DEBUG    [-0.6795894  -0.06822632 -0.06822632 ... -0.06822632 -0.06822632
  7.2187786 ]
2021-06-08 19:48:54,520 CFairness    DEBUG    Loss Agnostic 1.1025
2021-06-08 19:48:54,520 CFairness    DEBUG    Loss Awareness 1.3327
2021-06-08 19:48:54,520 CFairness    DEBUG    Generator loss 1.2732
2021-06-08 19:48:54,520 CFairness    DEBUG    RMSE 2.3492
2021-06-08 19:48:54,520 CFairness    DEBUG    Fairness 0.1131832
2021-06-08 19:48:58,372 CFairness    DEBUG    Epoch 23
2021-06-08 19:48:58,373 CFairness    DEBUG    Learning rate
2021-06-08 19:48:58,373 CFairness    DEBUG    1e-06
2021-06-08 19:48:58,373 CFairness    DEBUG    2.188000000000001e-06
2021-06-08 19:48:58,373 CFairness    DEBUG    2.188000000000001e-06
2021-06-08 19:48:58,373 CFairness    DEBUG    Prediction
2021-06-08 19:48:58,373 CFairness    DEBUG    [-1.0287777  -0.4354205  -0.26920313 ... -3.303859    2.178292
 -0.8199209 ]
2021-06-08 19:48:58,374 CFairness    DEBUG    Loss Agnostic 1.0844
2021-06-08 19:48:58,374 CFairness    DEBUG    Loss Awareness 1.3414
2021-06-08 19:48:58,374 CFairness    DEBUG    Generator loss 1.2012
2021-06-08 19:48:58,374 CFairness    DEBUG    RMSE 2.2683
2021-06-08 19:48:58,374 CFairness    DEBUG    Fairness 0.2031606
2021-06-08 19:49:02,159 CFairness    DEBUG    Epoch 24
2021-06-08 19:49:02,160 CFairness    DEBUG    Learning rate
2021-06-08 19:49:02,160 CFairness    DEBUG    1e-06
2021-06-08 19:49:02,160 CFairness    DEBUG    2.2375000000000175e-06
2021-06-08 19:49:02,160 CFairness    DEBUG    2.2375000000000175e-06
2021-06-08 19:49:02,160 CFairness    DEBUG    Prediction
2021-06-08 19:49:02,160 CFairness    DEBUG    [-0.06790946  3.697987    0.07110693 ... -0.92820144  4.649426
 -0.897443  ]
2021-06-08 19:49:02,160 CFairness    DEBUG    Loss Agnostic 1.1019
2021-06-08 19:49:02,160 CFairness    DEBUG    Loss Awareness 1.3215
2021-06-08 19:49:02,160 CFairness    DEBUG    Generator loss 1.3072
2021-06-08 19:49:02,160 CFairness    DEBUG    RMSE 2.2835
2021-06-08 19:49:02,160 CFairness    DEBUG    Fairness 0.1401322
2021-06-08 19:49:06,030 CFairness    DEBUG    Epoch 25
2021-06-08 19:49:06,031 CFairness    DEBUG    Learning rate
2021-06-08 19:49:06,031 CFairness    DEBUG    1e-06
2021-06-08 19:49:06,031 CFairness    DEBUG    2.28699999999999e-06
2021-06-08 19:49:06,031 CFairness    DEBUG    2.28699999999999e-06
2021-06-08 19:49:06,031 CFairness    DEBUG    Prediction
2021-06-08 19:49:06,031 CFairness    DEBUG    [-0.06776024 -0.06776024 -0.06776024 ... -0.46196014 -1.6613811
 -0.06776024]
2021-06-08 19:49:06,031 CFairness    DEBUG    Loss Agnostic 1.0897
2021-06-08 19:49:06,032 CFairness    DEBUG    Loss Awareness 1.2924
2021-06-08 19:49:06,032 CFairness    DEBUG    Generator loss 1.2695
2021-06-08 19:49:06,032 CFairness    DEBUG    RMSE 2.2907
2021-06-08 19:49:06,032 CFairness    DEBUG    Fairness 0.1995150
2021-06-08 19:49:09,799 CFairness    DEBUG    Epoch 26
2021-06-08 19:49:09,799 CFairness    DEBUG    Learning rate
2021-06-08 19:49:09,799 CFairness    DEBUG    1e-06
2021-06-08 19:49:09,799 CFairness    DEBUG    2.3365000000000068e-06
2021-06-08 19:49:09,799 CFairness    DEBUG    2.3365000000000068e-06
2021-06-08 19:49:09,800 CFairness    DEBUG    Prediction
2021-06-08 19:49:09,800 CFairness    DEBUG    [-6.7615561e-02 -1.7677497e+00 -6.7615561e-02 ... -9.0928453e-01
 -6.7615561e-02  7.0739537e-04]
2021-06-08 19:49:09,800 CFairness    DEBUG    Loss Agnostic 1.0599
2021-06-08 19:49:09,800 CFairness    DEBUG    Loss Awareness 1.2975
2021-06-08 19:49:09,800 CFairness    DEBUG    Generator loss 1.2219
2021-06-08 19:49:09,800 CFairness    DEBUG    RMSE 2.3137
2021-06-08 19:49:09,800 CFairness    DEBUG    Fairness 0.1975435
2021-06-08 19:49:13,572 CFairness    DEBUG    Epoch 27
2021-06-08 19:49:13,573 CFairness    DEBUG    Learning rate
2021-06-08 19:49:13,573 CFairness    DEBUG    1e-06
2021-06-08 19:49:13,573 CFairness    DEBUG    2.3859999999999794e-06
2021-06-08 19:49:13,573 CFairness    DEBUG    2.3859999999999794e-06
2021-06-08 19:49:13,573 CFairness    DEBUG    Prediction
2021-06-08 19:49:13,573 CFairness    DEBUG    [ 2.8167784  -1.1614197  -0.06745259 ... -0.3111482  -2.1583178
  5.2332664 ]
2021-06-08 19:49:13,574 CFairness    DEBUG    Loss Agnostic 1.0577
2021-06-08 19:49:13,574 CFairness    DEBUG    Loss Awareness 1.2980
2021-06-08 19:49:13,574 CFairness    DEBUG    Generator loss 1.1724
2021-06-08 19:49:13,574 CFairness    DEBUG    RMSE 2.2789
2021-06-08 19:49:13,574 CFairness    DEBUG    Fairness 0.3235361
2021-06-08 19:49:17,311 CFairness    DEBUG    Epoch 28
2021-06-08 19:49:17,311 CFairness    DEBUG    Learning rate
2021-06-08 19:49:17,311 CFairness    DEBUG    1e-06
2021-06-08 19:49:17,311 CFairness    DEBUG    2.4354999999999956e-06
2021-06-08 19:49:17,311 CFairness    DEBUG    2.4354999999999956e-06
2021-06-08 19:49:17,311 CFairness    DEBUG    Prediction
2021-06-08 19:49:17,311 CFairness    DEBUG    [-0.03466678 -0.06727128 -0.06727128 ... -1.1127442   0.38731083
  9.8739805 ]
2021-06-08 19:49:17,312 CFairness    DEBUG    Loss Agnostic 1.0507
2021-06-08 19:49:17,312 CFairness    DEBUG    Loss Awareness 1.2729
2021-06-08 19:49:17,312 CFairness    DEBUG    Generator loss 1.1824
2021-06-08 19:49:17,312 CFairness    DEBUG    RMSE 2.2435
2021-06-08 19:49:17,312 CFairness    DEBUG    Fairness 0.1819664
2021-06-08 19:49:21,057 CFairness    DEBUG    Epoch 29
2021-06-08 19:49:21,057 CFairness    DEBUG    Learning rate
2021-06-08 19:49:21,057 CFairness    DEBUG    1e-06
2021-06-08 19:49:21,057 CFairness    DEBUG    2.4850000000000126e-06
2021-06-08 19:49:21,057 CFairness    DEBUG    2.4850000000000126e-06
2021-06-08 19:49:21,057 CFairness    DEBUG    Prediction
2021-06-08 19:49:21,057 CFairness    DEBUG    [-0.06710175 -0.06710175 -0.00547843 ... -0.06710175 -0.9027294
 -0.25248495]
2021-06-08 19:49:21,058 CFairness    DEBUG    Loss Agnostic 1.0545
2021-06-08 19:49:21,058 CFairness    DEBUG    Loss Awareness 1.2774
2021-06-08 19:49:21,058 CFairness    DEBUG    Generator loss 1.1659
2021-06-08 19:49:21,058 CFairness    DEBUG    RMSE 2.1774
2021-06-08 19:49:21,058 CFairness    DEBUG    Fairness 0.0676079
2021-06-08 19:49:24,827 CFairness    DEBUG    Epoch 30
2021-06-08 19:49:24,827 CFairness    DEBUG    Learning rate
2021-06-08 19:49:24,827 CFairness    DEBUG    1e-06
2021-06-08 19:49:24,827 CFairness    DEBUG    2.534499999999985e-06
2021-06-08 19:49:24,827 CFairness    DEBUG    2.534499999999985e-06
2021-06-08 19:49:24,827 CFairness    DEBUG    Prediction
2021-06-08 19:49:24,827 CFairness    DEBUG    [-0.06690982 -0.06690982 -0.06690982 ... -1.8967981  -0.20567323
 -0.06690982]
2021-06-08 19:49:24,828 CFairness    DEBUG    Loss Agnostic 1.0507
2021-06-08 19:49:24,828 CFairness    DEBUG    Loss Awareness 1.2586
2021-06-08 19:49:24,828 CFairness    DEBUG    Generator loss 1.1864
2021-06-08 19:49:24,828 CFairness    DEBUG    RMSE 2.2148
2021-06-08 19:49:24,828 CFairness    DEBUG    Fairness 0.1282975
2021-06-08 19:49:28,564 CFairness    DEBUG    Epoch 31
2021-06-08 19:49:28,565 CFairness    DEBUG    Learning rate
2021-06-08 19:49:28,565 CFairness    DEBUG    1e-06
2021-06-08 19:49:28,565 CFairness    DEBUG    2.5840000000000014e-06
2021-06-08 19:49:28,565 CFairness    DEBUG    2.5840000000000014e-06
2021-06-08 19:49:28,565 CFairness    DEBUG    Prediction
2021-06-08 19:49:28,565 CFairness    DEBUG    [-0.06674766 -0.06674766 -0.06674766 ... -2.1723855  -0.8789682
 -2.6426487 ]
2021-06-08 19:49:28,566 CFairness    DEBUG    Loss Agnostic 1.0667
2021-06-08 19:49:28,566 CFairness    DEBUG    Loss Awareness 1.2859
2021-06-08 19:49:28,566 CFairness    DEBUG    Generator loss 1.2304
2021-06-08 19:49:28,566 CFairness    DEBUG    RMSE 2.2459
2021-06-08 19:49:28,566 CFairness    DEBUG    Fairness 0.0878734
2021-06-08 19:49:32,298 CFairness    DEBUG    Epoch 32
2021-06-08 19:49:32,299 CFairness    DEBUG    Learning rate
2021-06-08 19:49:32,299 CFairness    DEBUG    1e-06
2021-06-08 19:49:32,299 CFairness    DEBUG    2.633500000000018e-06
2021-06-08 19:49:32,299 CFairness    DEBUG    2.633500000000018e-06
2021-06-08 19:49:32,299 CFairness    DEBUG    Prediction
2021-06-08 19:49:32,299 CFairness    DEBUG    [-2.1099033  -0.06658067 -0.06658067 ... -1.5421636  -0.06658067
 -0.06658067]
2021-06-08 19:49:32,300 CFairness    DEBUG    Loss Agnostic 1.0366
2021-06-08 19:49:32,300 CFairness    DEBUG    Loss Awareness 1.2709
2021-06-08 19:49:32,300 CFairness    DEBUG    Generator loss 1.1401
2021-06-08 19:49:32,300 CFairness    DEBUG    RMSE 2.2355
2021-06-08 19:49:32,300 CFairness    DEBUG    Fairness 0.0817594
2021-06-08 19:49:36,034 CFairness    DEBUG    Epoch 33
2021-06-08 19:49:36,034 CFairness    DEBUG    Learning rate
2021-06-08 19:49:36,034 CFairness    DEBUG    1e-06
2021-06-08 19:49:36,034 CFairness    DEBUG    2.6829999999999907e-06
2021-06-08 19:49:36,034 CFairness    DEBUG    2.6829999999999907e-06
2021-06-08 19:49:36,034 CFairness    DEBUG    Prediction
2021-06-08 19:49:36,034 CFairness    DEBUG    [-2.6473854  -0.73148245 -1.5318972  ... -0.06639629 -0.2395665
 -0.06639629]
2021-06-08 19:49:36,034 CFairness    DEBUG    Loss Agnostic 1.0150
2021-06-08 19:49:36,034 CFairness    DEBUG    Loss Awareness 1.2388
2021-06-08 19:49:36,035 CFairness    DEBUG    Generator loss 1.1813
2021-06-08 19:49:36,035 CFairness    DEBUG    RMSE 2.1763
2021-06-08 19:49:36,035 CFairness    DEBUG    Fairness 0.0666491
2021-06-08 19:49:39,793 CFairness    DEBUG    Epoch 34
2021-06-08 19:49:39,793 CFairness    DEBUG    Learning rate
2021-06-08 19:49:39,793 CFairness    DEBUG    1e-06
2021-06-08 19:49:39,793 CFairness    DEBUG    2.7325000000000073e-06
2021-06-08 19:49:39,794 CFairness    DEBUG    2.7325000000000073e-06
2021-06-08 19:49:39,794 CFairness    DEBUG    Prediction
2021-06-08 19:49:39,794 CFairness    DEBUG    [-0.06622294 -0.06622294 -0.06622294 ... -1.0570798   3.857519
  4.8625097 ]
2021-06-08 19:49:39,794 CFairness    DEBUG    Loss Agnostic 1.0278
2021-06-08 19:49:39,794 CFairness    DEBUG    Loss Awareness 1.2449
2021-06-08 19:49:39,794 CFairness    DEBUG    Generator loss 1.1392
2021-06-08 19:49:39,794 CFairness    DEBUG    RMSE 2.1627
2021-06-08 19:49:39,794 CFairness    DEBUG    Fairness 0.1308263
2021-06-08 19:49:43,618 CFairness    DEBUG    Epoch 35
2021-06-08 19:49:43,619 CFairness    DEBUG    Learning rate
2021-06-08 19:49:43,619 CFairness    DEBUG    1e-06
2021-06-08 19:49:43,619 CFairness    DEBUG    2.7819999999999795e-06
2021-06-08 19:49:43,619 CFairness    DEBUG    2.7819999999999795e-06
2021-06-08 19:49:43,619 CFairness    DEBUG    Prediction
2021-06-08 19:49:43,619 CFairness    DEBUG    [-0.06606958 -0.39183223 -1.2086633  ...  2.7688572  -1.113945
 -0.765876  ]
2021-06-08 19:49:43,620 CFairness    DEBUG    Loss Agnostic 1.0133
2021-06-08 19:49:43,620 CFairness    DEBUG    Loss Awareness 1.2380
2021-06-08 19:49:43,620 CFairness    DEBUG    Generator loss 1.1989
2021-06-08 19:49:43,620 CFairness    DEBUG    RMSE 2.1719
2021-06-08 19:49:43,620 CFairness    DEBUG    Fairness 0.2713426
2021-06-08 19:49:47,348 CFairness    DEBUG    Epoch 36
2021-06-08 19:49:47,349 CFairness    DEBUG    Learning rate
2021-06-08 19:49:47,349 CFairness    DEBUG    1e-06
2021-06-08 19:49:47,349 CFairness    DEBUG    2.8314999999999965e-06
2021-06-08 19:49:47,349 CFairness    DEBUG    2.8314999999999965e-06
2021-06-08 19:49:47,349 CFairness    DEBUG    Prediction
2021-06-08 19:49:47,349 CFairness    DEBUG    [ 1.4762075  -0.06588905 -0.06588905 ...  9.93659    -0.06588905
 -0.06588905]
2021-06-08 19:49:47,350 CFairness    DEBUG    Loss Agnostic 1.0112
2021-06-08 19:49:47,350 CFairness    DEBUG    Loss Awareness 1.2391
2021-06-08 19:49:47,350 CFairness    DEBUG    Generator loss 1.1819
2021-06-08 19:49:47,350 CFairness    DEBUG    RMSE 2.1672
2021-06-08 19:49:47,350 CFairness    DEBUG    Fairness 0.0723622
2021-06-08 19:49:51,128 CFairness    DEBUG    Epoch 37
2021-06-08 19:49:51,128 CFairness    DEBUG    Learning rate
2021-06-08 19:49:51,128 CFairness    DEBUG    1e-06
2021-06-08 19:49:51,128 CFairness    DEBUG    2.8810000000000127e-06
2021-06-08 19:49:51,128 CFairness    DEBUG    2.8810000000000127e-06
2021-06-08 19:49:51,128 CFairness    DEBUG    Prediction
2021-06-08 19:49:51,128 CFairness    DEBUG    [-0.0656951  -0.0656951  -2.414994   ... -0.06561472  2.0699856
  0.11012466]
2021-06-08 19:49:51,129 CFairness    DEBUG    Loss Agnostic 0.9954
2021-06-08 19:49:51,129 CFairness    DEBUG    Loss Awareness 1.2286
2021-06-08 19:49:51,129 CFairness    DEBUG    Generator loss 1.1109
2021-06-08 19:49:51,129 CFairness    DEBUG    RMSE 2.1523
2021-06-08 19:49:51,129 CFairness    DEBUG    Fairness 0.1046815
2021-06-08 19:49:54,886 CFairness    DEBUG    Epoch 38
2021-06-08 19:49:54,886 CFairness    DEBUG    Learning rate
2021-06-08 19:49:54,886 CFairness    DEBUG    1e-06
2021-06-08 19:49:54,886 CFairness    DEBUG    2.9304999999999857e-06
2021-06-08 19:49:54,886 CFairness    DEBUG    2.9304999999999857e-06
2021-06-08 19:49:54,886 CFairness    DEBUG    Prediction
2021-06-08 19:49:54,886 CFairness    DEBUG    [-2.78407    -0.06550323  0.33883724 ... -0.49587643 -0.9715513
 -0.06550323]
2021-06-08 19:49:54,887 CFairness    DEBUG    Loss Agnostic 0.9864
2021-06-08 19:49:54,887 CFairness    DEBUG    Loss Awareness 1.2002
2021-06-08 19:49:54,887 CFairness    DEBUG    Generator loss 1.1634
2021-06-08 19:49:54,887 CFairness    DEBUG    RMSE 2.1082
2021-06-08 19:49:54,887 CFairness    DEBUG    Fairness 0.0811763
2021-06-08 19:49:58,582 CFairness    DEBUG    Epoch 39
2021-06-08 19:49:58,583 CFairness    DEBUG    Learning rate
2021-06-08 19:49:58,583 CFairness    DEBUG    1e-06
2021-06-08 19:49:58,583 CFairness    DEBUG    2.980000000000002e-06
2021-06-08 19:49:58,583 CFairness    DEBUG    2.980000000000002e-06
2021-06-08 19:49:58,583 CFairness    DEBUG    Prediction
2021-06-08 19:49:58,583 CFairness    DEBUG    [-0.06530932 -0.7092901  -0.06530932 ... -0.06530932 -0.06530932
  2.7153645 ]
2021-06-08 19:49:58,584 CFairness    DEBUG    Loss Agnostic 0.9640
2021-06-08 19:49:58,584 CFairness    DEBUG    Loss Awareness 1.2318
2021-06-08 19:49:58,584 CFairness    DEBUG    Generator loss 1.0026
2021-06-08 19:49:58,584 CFairness    DEBUG    RMSE 2.1038
2021-06-08 19:49:58,584 CFairness    DEBUG    Fairness 0.0744606
2021-06-08 19:50:02,192 CFairness    DEBUG    Epoch 40
2021-06-08 19:50:02,192 CFairness    DEBUG    Learning rate
2021-06-08 19:50:02,192 CFairness    DEBUG    1e-06
2021-06-08 19:50:02,192 CFairness    DEBUG    3.029500000000018e-06
2021-06-08 19:50:02,192 CFairness    DEBUG    3.029500000000018e-06
2021-06-08 19:50:02,192 CFairness    DEBUG    Prediction
2021-06-08 19:50:02,192 CFairness    DEBUG    [ 0.33009264 -0.06511221 -0.06511221 ... -0.06511221 -0.68132794
 -0.06511221]
2021-06-08 19:50:02,193 CFairness    DEBUG    Loss Agnostic 0.9698
2021-06-08 19:50:02,193 CFairness    DEBUG    Loss Awareness 1.1978
2021-06-08 19:50:02,193 CFairness    DEBUG    Generator loss 1.0752
2021-06-08 19:50:02,193 CFairness    DEBUG    RMSE 2.1106
2021-06-08 19:50:02,193 CFairness    DEBUG    Fairness 0.0617057
2021-06-08 19:50:05,958 CFairness    DEBUG    Epoch 41
2021-06-08 19:50:05,958 CFairness    DEBUG    Learning rate
2021-06-08 19:50:05,959 CFairness    DEBUG    1e-06
2021-06-08 19:50:05,959 CFairness    DEBUG    3.078999999999991e-06
2021-06-08 19:50:05,959 CFairness    DEBUG    3.078999999999991e-06
2021-06-08 19:50:05,959 CFairness    DEBUG    Prediction
2021-06-08 19:50:05,959 CFairness    DEBUG    [-0.06492005  0.349774   -0.06492005 ... -0.06492005 -0.06492005
 -0.06492005]
2021-06-08 19:50:05,959 CFairness    DEBUG    Loss Agnostic 0.9681
2021-06-08 19:50:05,959 CFairness    DEBUG    Loss Awareness 1.2093
2021-06-08 19:50:05,959 CFairness    DEBUG    Generator loss 1.0419
2021-06-08 19:50:05,959 CFairness    DEBUG    RMSE 2.0823
2021-06-08 19:50:05,959 CFairness    DEBUG    Fairness 0.0417544
2021-06-08 19:50:09,695 CFairness    DEBUG    Epoch 42
2021-06-08 19:50:09,695 CFairness    DEBUG    Learning rate
2021-06-08 19:50:09,695 CFairness    DEBUG    1e-06
2021-06-08 19:50:09,695 CFairness    DEBUG    3.1285000000000074e-06
2021-06-08 19:50:09,695 CFairness    DEBUG    3.1285000000000074e-06
2021-06-08 19:50:09,695 CFairness    DEBUG    Prediction
2021-06-08 19:50:09,696 CFairness    DEBUG    [-0.06180761 -0.06473935 -0.07146622 ... -0.06473935 -0.06473935
 -0.06473935]
2021-06-08 19:50:09,696 CFairness    DEBUG    Loss Agnostic 0.9719
2021-06-08 19:50:09,696 CFairness    DEBUG    Loss Awareness 1.1696
2021-06-08 19:50:09,696 CFairness    DEBUG    Generator loss 1.1558
2021-06-08 19:50:09,696 CFairness    DEBUG    RMSE 2.0833
2021-06-08 19:50:09,696 CFairness    DEBUG    Fairness 0.3326495
2021-06-08 19:50:13,462 CFairness    DEBUG    Epoch 43
2021-06-08 19:50:13,463 CFairness    DEBUG    Learning rate
2021-06-08 19:50:13,463 CFairness    DEBUG    1e-06
2021-06-08 19:50:13,463 CFairness    DEBUG    3.1779999999999804e-06
2021-06-08 19:50:13,463 CFairness    DEBUG    3.1779999999999804e-06
2021-06-08 19:50:13,463 CFairness    DEBUG    Prediction
2021-06-08 19:50:13,463 CFairness    DEBUG    [-0.06454451 -0.06454451 -0.01330655 ... -1.2545286  -0.06454451
 -0.2963529 ]
2021-06-08 19:50:13,463 CFairness    DEBUG    Loss Agnostic 0.9725
2021-06-08 19:50:13,463 CFairness    DEBUG    Loss Awareness 1.1778
2021-06-08 19:50:13,463 CFairness    DEBUG    Generator loss 1.1239
2021-06-08 19:50:13,463 CFairness    DEBUG    RMSE 2.1180
2021-06-08 19:50:13,463 CFairness    DEBUG    Fairness 0.1796476
2021-06-08 19:50:17,151 CFairness    DEBUG    Epoch 44
2021-06-08 19:50:17,151 CFairness    DEBUG    Learning rate
2021-06-08 19:50:17,151 CFairness    DEBUG    1e-06
2021-06-08 19:50:17,151 CFairness    DEBUG    3.2274999999999966e-06
2021-06-08 19:50:17,151 CFairness    DEBUG    3.2274999999999966e-06
2021-06-08 19:50:17,151 CFairness    DEBUG    Prediction
2021-06-08 19:50:17,151 CFairness    DEBUG    [-0.06433555 -0.5153341  -0.30612698 ... -0.06433555 -0.06433555
 -0.06433555]
2021-06-08 19:50:17,151 CFairness    DEBUG    Loss Agnostic 0.9549
2021-06-08 19:50:17,152 CFairness    DEBUG    Loss Awareness 1.1885
2021-06-08 19:50:17,152 CFairness    DEBUG    Generator loss 1.0324
2021-06-08 19:50:17,152 CFairness    DEBUG    RMSE 2.0705
2021-06-08 19:50:17,152 CFairness    DEBUG    Fairness 0.1832600
2021-06-08 19:50:20,948 CFairness    DEBUG    Epoch 45
2021-06-08 19:50:20,948 CFairness    DEBUG    Learning rate
2021-06-08 19:50:20,948 CFairness    DEBUG    1e-06
2021-06-08 19:50:20,948 CFairness    DEBUG    3.277000000000013e-06
2021-06-08 19:50:20,948 CFairness    DEBUG    3.277000000000013e-06
2021-06-08 19:50:20,948 CFairness    DEBUG    Prediction
2021-06-08 19:50:20,948 CFairness    DEBUG    [-0.06415948 -0.8934808   1.9026101  ... -0.06415948 -0.06415948
 -0.02353945]
2021-06-08 19:50:20,948 CFairness    DEBUG    Loss Agnostic 0.9564
2021-06-08 19:50:20,948 CFairness    DEBUG    Loss Awareness 1.1955
2021-06-08 19:50:20,948 CFairness    DEBUG    Generator loss 1.0476
2021-06-08 19:50:20,948 CFairness    DEBUG    RMSE 2.0778
2021-06-08 19:50:20,948 CFairness    DEBUG    Fairness 0.4014645
2021-06-08 19:50:24,596 CFairness    DEBUG    Epoch 46
2021-06-08 19:50:24,596 CFairness    DEBUG    Learning rate
2021-06-08 19:50:24,596 CFairness    DEBUG    1e-06
2021-06-08 19:50:24,596 CFairness    DEBUG    3.326499999999986e-06
2021-06-08 19:50:24,596 CFairness    DEBUG    3.326499999999986e-06
2021-06-08 19:50:24,596 CFairness    DEBUG    Prediction
2021-06-08 19:50:24,596 CFairness    DEBUG    [-0.06394827 -0.06394827 -0.06394827 ...  0.3007457  -0.06394827
 -1.8156744 ]
2021-06-08 19:50:24,597 CFairness    DEBUG    Loss Agnostic 0.9416
2021-06-08 19:50:24,597 CFairness    DEBUG    Loss Awareness 1.1739
2021-06-08 19:50:24,597 CFairness    DEBUG    Generator loss 0.9688
2021-06-08 19:50:24,597 CFairness    DEBUG    RMSE 1.9926
2021-06-08 19:50:24,597 CFairness    DEBUG    Fairness 0.0977981
2021-06-08 19:50:28,271 CFairness    DEBUG    Epoch 47
2021-06-08 19:50:28,273 CFairness    DEBUG    Learning rate
2021-06-08 19:50:28,273 CFairness    DEBUG    1e-06
2021-06-08 19:50:28,273 CFairness    DEBUG    3.376000000000002e-06
2021-06-08 19:50:28,273 CFairness    DEBUG    3.376000000000002e-06
2021-06-08 19:50:28,273 CFairness    DEBUG    Prediction
2021-06-08 19:50:28,273 CFairness    DEBUG    [-0.06373303 -0.06373303  0.53074783 ... -0.06373303 -0.41327173
 -0.06373303]
2021-06-08 19:50:28,274 CFairness    DEBUG    Loss Agnostic 0.9125
2021-06-08 19:50:28,274 CFairness    DEBUG    Loss Awareness 1.1687
2021-06-08 19:50:28,274 CFairness    DEBUG    Generator loss 0.9822
2021-06-08 19:50:28,274 CFairness    DEBUG    RMSE 2.0157
2021-06-08 19:50:28,274 CFairness    DEBUG    Fairness 0.3460199
2021-06-08 19:50:32,009 CFairness    DEBUG    Epoch 48
2021-06-08 19:50:32,009 CFairness    DEBUG    Learning rate
2021-06-08 19:50:32,010 CFairness    DEBUG    1e-06
2021-06-08 19:50:32,010 CFairness    DEBUG    3.425500000000019e-06
2021-06-08 19:50:32,010 CFairness    DEBUG    3.425500000000019e-06
2021-06-08 19:50:32,010 CFairness    DEBUG    Prediction
2021-06-08 19:50:32,010 CFairness    DEBUG    [-0.0635451   0.49857914 -1.2124906  ... -0.06739089 -0.20346183
 -0.07518403]
2021-06-08 19:50:32,010 CFairness    DEBUG    Loss Agnostic 0.9164
2021-06-08 19:50:32,010 CFairness    DEBUG    Loss Awareness 1.1792
2021-06-08 19:50:32,010 CFairness    DEBUG    Generator loss 1.0105
2021-06-08 19:50:32,010 CFairness    DEBUG    RMSE 1.9752
2021-06-08 19:50:32,010 CFairness    DEBUG    Fairness 0.0651915
2021-06-08 19:50:35,745 CFairness    DEBUG    Epoch 49
2021-06-08 19:50:35,746 CFairness    DEBUG    Learning rate
2021-06-08 19:50:35,746 CFairness    DEBUG    1e-07
2021-06-08 19:50:35,746 CFairness    DEBUG    3.4749999999999913e-06
2021-06-08 19:50:35,746 CFairness    DEBUG    3.4749999999999913e-06
2021-06-08 19:50:35,746 CFairness    DEBUG    Prediction
2021-06-08 19:50:35,746 CFairness    DEBUG    [-0.04057909 -0.06230661 -0.06333046 ... -1.8184756  -0.13500208
 -0.06333046]
2021-06-08 19:50:35,746 CFairness    DEBUG    Loss Agnostic 0.9033
2021-06-08 19:50:35,746 CFairness    DEBUG    Loss Awareness 1.1470
2021-06-08 19:50:35,746 CFairness    DEBUG    Generator loss 0.9642
2021-06-08 19:50:35,746 CFairness    DEBUG    RMSE 1.9481
2021-06-08 19:50:35,746 CFairness    DEBUG    Fairness 0.0377392
